PLINK v1.90b6.17 64-bit (28 Apr 2020)
Options in effect:
  --bfile dgrp2-162lines.maf0.05
  --pca

Hostname: DRsaveslivess-iMac.local
Working directory: /Users/mingyang/Documents/2020-lab-projects/AD-fly-eye-project/2021-05-08-summarize/for.paper.submission/GWAS.analysis/dgrp2
Start time: Fri Jun 25 14:23:20 2021

Random number seed: 1624656200
8192 MB RAM detected; reserving 4096 MB for main workspace.
1890968 variants loaded from .bim file.
162 people (0 males, 162 females) loaded from .fam.
Using up to 4 threads (change this with --threads).
Before main variant filters, 162 founders and 0 nonfounders present.
Calculating allele frequencies... done.
Total genotyping rate is 0.939063.
1890968 variants and 162 people pass filters and QC.
Note: No phenotypes present.
Relationship matrix calculation complete.
--pca: Results saved to plink.eigenval and plink.eigenvec .

End time: Fri Jun 25 14:23:28 2021
