PLINK v1.90b6.17 64-bit (28 Apr 2020)
Options in effect:
  --bfile ../dgrp2/dgrp2-162lines.maf0.05
  --covar ../input_files/eye-assoc.txt keep-pheno-on-missing-cov
  --linear hide-covar
  --out plink
  --pheno ../input_files/eye-pheno.txt

Hostname: DRsaveslivess-iMac.local
Working directory: /Users/mingyang/Documents/2020-lab-projects/AD-fly-eye-project/2021-05-08-summarize/for.paper.submission/GWAS.analysis/naive-gwas
Start time: Fri Jun 25 14:26:25 2021

Random number seed: 1624656385
8192 MB RAM detected; reserving 4096 MB for main workspace.
1890968 variants loaded from .bim file.
162 people (0 males, 162 females) loaded from .fam.
162 phenotype values present after --pheno.
Using 1 thread (no multithreaded calculations invoked).
--covar: 5 covariates loaded.
Before main variant filters, 162 founders and 0 nonfounders present.
Calculating allele frequencies... done.
Total genotyping rate is 0.939063.
1890968 variants and 162 people pass filters and QC.
Phenotype data is quantitative.
Writing linear model association results to plink.assoc.linear ... done.

End time: Fri Jun 25 14:27:07 2021
